Added Component: Designator=B1(AMG8854)
Add component (AddParameter): Name = "Datasheet Link"; Value = "https://industrial.panasonic.com/cdbs/www-data/pdf/ADI8000/ADI8000C66.pdf"; VariantName = "[No Variations]"
Add component (AddParameter): Name = "Geometry.Height"; Value = "4.3mm"; VariantName = "[No Variations]"
Add component (AddParameter): Name = "Manufacturer_Name"; Value = "Panasonic"; VariantName = "[No Variations]"
Add component (AddParameter): Name = "Manufacturer_Part_Number"; Value = "AMG8854"; VariantName = "[No Variations]"
Add component (AddParameter): Name = "Mouser Part Number"; Value = "667-AMG8854"; VariantName = "[No Variations]"
Add component (AddParameter): Name = "Mouser Price/Stock"; Value = "https://www.mouser.co.uk/ProductDetail/Panasonic/AMG8854?qs=sSYV1F9c5cGiWvzHDbpBOw%3D%3D"; VariantName = "[No Variations]"
Added Component: Designator=B2(AMG8854)
Add component (AddParameter): Name = "Datasheet Link"; Value = "https://industrial.panasonic.com/cdbs/www-data/pdf/ADI8000/ADI8000C66.pdf"; VariantName = "[No Variations]"
Add component (AddParameter): Name = "Geometry.Height"; Value = "4.3mm"; VariantName = "[No Variations]"
Add component (AddParameter): Name = "Manufacturer_Name"; Value = "Panasonic"; VariantName = "[No Variations]"
Add component (AddParameter): Name = "Manufacturer_Part_Number"; Value = "AMG8854"; VariantName = "[No Variations]"
Add component (AddParameter): Name = "Mouser Part Number"; Value = "667-AMG8854"; VariantName = "[No Variations]"
Add component (AddParameter): Name = "Mouser Price/Stock"; Value = "https://www.mouser.co.uk/ProductDetail/Panasonic/AMG8854?qs=sSYV1F9c5cGiWvzHDbpBOw%3D%3D"; VariantName = "[No Variations]"
Added Pin To Net: NetName=GND Pin=B1-6
Added Pin To Net: NetName=GND Pin=B2-5
Added Pin To Net: NetName=GND Pin=B2-6
Added Net: Name=GND
Added Pin To Net: NetName=NetB1_2 Pin=B1-2
Added Net: Name=NetB1_2
Added Pin To Net: NetName=NetB1_3 Pin=B1-3
Added Net: Name=NetB1_3
Added Pin To Net: NetName=NetB1_4 Pin=B1-4
Added Net: Name=NetB1_4
Added Pin To Net: NetName=NetB1_5 Pin=B1-5
Added Net: Name=NetB1_5
Added Pin To Net: NetName=NetB1_9 Pin=B1-9
Added Pin To Net: NetName=NetB1_9 Pin=B1-13
Added Net: Name=NetB1_9
Added Pin To Net: NetName=NetB1_10 Pin=B1-10
Added Net: Name=NetB1_10
Added Pin To Net: NetName=NetB1_12 Pin=B1-12
Added Net: Name=NetB1_12
Added Pin To Net: NetName=NetB2_2 Pin=B2-2
Added Net: Name=NetB2_2
Added Pin To Net: NetName=NetB2_3 Pin=B2-3
Added Net: Name=NetB2_3
Added Pin To Net: NetName=NetB2_4 Pin=B2-4
Added Net: Name=NetB2_4
Added Pin To Net: NetName=NetB2_9 Pin=B2-9
Added Pin To Net: NetName=NetB2_9 Pin=B2-13
Added Net: Name=NetB2_9
Added Pin To Net: NetName=NetB2_10 Pin=B2-10
Added Net: Name=NetB2_10
Added Pin To Net: NetName=NetB2_12 Pin=B2-12
Added Net: Name=NetB2_12
Added Net: Name=NetC2_2
Added Net: Name=NetC5_2
Added Class: Name=Sheet1
Added Room: Name=Sheet1
